<?xml version="1.0" encoding="UTF-8"?>
<coverage generated="1752601675082" clover="3.2.0">
  <project timestamp="1752601675082" name="All files">
    <metrics statements="11" coveredstatements="6" conditionals="10" coveredconditionals="2" methods="5" coveredmethods="4" elements="26" coveredelements="12" complexity="0" loc="11" ncloc="11" packages="1" files="2" classes="2"/>
    <file name="Button.jsx" path="C:\Users\Admin\Desktop\Code\PLP\Specialization\MERN\Assignment\New folder\week-6-test-debug-assignment-MykeShale\client\src\components\Button.jsx">
      <metrics statements="5" coveredstatements="0" conditionals="8" coveredconditionals="0" methods="1" coveredmethods="0"/>
      <line num="4" count="0" type="stmt"/>
      <line num="13" count="0" type="stmt"/>
      <line num="14" count="0" type="stmt"/>
      <line num="15" count="0" type="cond" truecount="0" falsecount="2"/>
      <line num="16" count="0" type="stmt"/>
    </file>
    <file name="ErrorBoundary.jsx" path="C:\Users\Admin\Desktop\Code\PLP\Specialization\MERN\Assignment\New folder\week-6-test-debug-assignment-MykeShale\client\src\components\ErrorBoundary.jsx">
      <metrics statements="6" coveredstatements="6" conditionals="2" coveredconditionals="2" methods="4" coveredmethods="4"/>
      <line num="6" count="3" type="stmt"/>
      <line num="7" count="2" type="stmt"/>
      <line num="11" count="2" type="stmt"/>
      <line num="20" count="4" type="cond" truecount="2" falsecount="0"/>
      <line num="21" count="2" type="stmt"/>
      <line num="23" count="2" type="stmt"/>
    </file>
  </project>
</coverage>
