TN:
SF:src\components\Button.jsx
FN:4,(anonymous_0)
FNF:1
FNH:0
FNDA:0,(anonymous_0)
DA:4,0
DA:13,0
DA:14,0
DA:15,0
DA:16,0
LF:5
LH:0
BRDA:6,0,0,0
BRDA:7,1,0,0
BRDA:8,2,0,0
BRDA:10,3,0,0
BRDA:15,4,0,0
BRDA:15,4,1,0
BRDA:20,5,0,0
BRDA:20,5,1,0
BRF:8
BRH:0
end_of_record
TN:
SF:src\components\ErrorBoundary.jsx
FN:5,(anonymous_0)
FN:10,(anonymous_1)
FN:14,(anonymous_2)
FN:19,(anonymous_3)
FNF:4
FNH:4
FNDA:3,(anonymous_0)
FNDA:2,(anonymous_1)
FNDA:1,(anonymous_2)
FNDA:4,(anonymous_3)
DA:6,3
DA:7,2
DA:11,2
DA:20,4
DA:21,2
DA:23,2
LF:6
LH:6
BRDA:20,0,0,2
BRDA:20,0,1,2
BRF:2
BRH:2
end_of_record
