{"C:\\Users\\Admin\\Desktop\\Code\\PLP\\Specialization\\MERN\\Assignment\\New folder\\week-6-test-debug-assignment-MykeShale\\client\\src\\components\\Button.jsx": {"path":"C:\\Users\\Admin\\Desktop\\Code\\PLP\\Specialization\\MERN\\Assignment\\New folder\\week-6-test-debug-assignment-MykeShale\\client\\src\\components\\Button.jsx","statementMap":{"0":{"start":{"line":4,"column":15},"end":{"line":26,"column":1}},"1":{"start":{"line":13,"column":23},"end":{"line":13,"column":39}},"2":{"start":{"line":14,"column":20},"end":{"line":14,"column":33}},"3":{"start":{"line":15,"column":24},"end":{"line":15,"column":54}},"4":{"start":{"line":16,"column":2},"end":{"line":25,"column":4}}},"fnMap":{"0":{"name":"(anonymous_0)","decl":{"start":{"line":4,"column":15},"end":{"line":4,"column":16}},"loc":{"start":{"line":12,"column":6},"end":{"line":26,"column":1}},"line":12}},"branchMap":{"0":{"loc":{"start":{"line":6,"column":2},"end":{"line":6,"column":21}},"type":"default-arg","locations":[{"start":{"line":6,"column":12},"end":{"line":6,"column":21}}],"line":6},"1":{"loc":{"start":{"line":7,"column":2},"end":{"line":7,"column":13}},"type":"default-arg","locations":[{"start":{"line":7,"column":9},"end":{"line":7,"column":13}}],"line":7},"2":{"loc":{"start":{"line":8,"column":2},"end":{"line":8,"column":18}},"type":"default-arg","locations":[{"start":{"line":8,"column":13},"end":{"line":8,"column":18}}],"line":8},"3":{"loc":{"start":{"line":10,"column":2},"end":{"line":10,"column":16}},"type":"default-arg","locations":[{"start":{"line":10,"column":14},"end":{"line":10,"column":16}}],"line":10},"4":{"loc":{"start":{"line":15,"column":24},"end":{"line":15,"column":54}},"type":"cond-expr","locations":[{"start":{"line":15,"column":35},"end":{"line":15,"column":49}},{"start":{"line":15,"column":52},"end":{"line":15,"column":54}}],"line":15},"5":{"loc":{"start":{"line":20,"column":15},"end":{"line":20,"column":45}},"type":"cond-expr","locations":[{"start":{"line":20,"column":26},"end":{"line":20,"column":35}},{"start":{"line":20,"column":38},"end":{"line":20,"column":45}}],"line":20}},"s":{"0":0,"1":0,"2":0,"3":0,"4":0},"f":{"0":0},"b":{"0":[0],"1":[0],"2":[0],"3":[0],"4":[0,0],"5":[0,0]}}
,"C:\\Users\\Admin\\Desktop\\Code\\PLP\\Specialization\\MERN\\Assignment\\New folder\\week-6-test-debug-assignment-MykeShale\\client\\src\\components\\ErrorBoundary.jsx": {"path":"C:\\Users\\Admin\\Desktop\\Code\\PLP\\Specialization\\MERN\\Assignment\\New folder\\week-6-test-debug-assignment-MykeShale\\client\\src\\components\\ErrorBoundary.jsx","statementMap":{"0":{"start":{"line":6,"column":4},"end":{"line":6,"column":17}},"1":{"start":{"line":7,"column":4},"end":{"line":7,"column":37}},"2":{"start":{"line":11,"column":4},"end":{"line":11,"column":30}},"3":{"start":{"line":20,"column":4},"end":{"line":22,"column":5}},"4":{"start":{"line":21,"column":6},"end":{"line":21,"column":44}},"5":{"start":{"line":23,"column":4},"end":{"line":23,"column":31}}},"fnMap":{"0":{"name":"(anonymous_0)","decl":{"start":{"line":5,"column":2},"end":{"line":5,"column":3}},"loc":{"start":{"line":5,"column":21},"end":{"line":8,"column":3}},"line":5},"1":{"name":"(anonymous_1)","decl":{"start":{"line":10,"column":2},"end":{"line":10,"column":3}},"loc":{"start":{"line":10,"column":41},"end":{"line":12,"column":3}},"line":10},"2":{"name":"(anonymous_2)","decl":{"start":{"line":14,"column":2},"end":{"line":14,"column":3}},"loc":{"start":{"line":14,"column":38},"end":{"line":17,"column":3}},"line":14},"3":{"name":"(anonymous_3)","decl":{"start":{"line":19,"column":2},"end":{"line":19,"column":3}},"loc":{"start":{"line":19,"column":11},"end":{"line":24,"column":3}},"line":19}},"branchMap":{"0":{"loc":{"start":{"line":20,"column":4},"end":{"line":22,"column":5}},"type":"if","locations":[{"start":{"line":20,"column":4},"end":{"line":22,"column":5}},{"start":{},"end":{}}],"line":20}},"s":{"0":3,"1":2,"2":2,"3":4,"4":2,"5":2},"f":{"0":3,"1":2,"2":1,"3":4},"b":{"0":[2,2]},"_coverageSchema":"1a1c01bbd47fc00a2c39e90264f33305004495a9","hash":"8538fae78c451fff87643d6628611509f872f96d"}
}
